0 info it worked if it ends with ok
1 verbose cli [ '/usr/local/bin/node', '/usr/local/bin/npm', 'run', 'server' ]
2 info using npm@3.10.10
3 info using node@v6.11.2
4 verbose run-script [ 'preserver', 'server', 'postserver' ]
5 info lifecycle myreactapp@1.0.0~preserver: myreactapp@1.0.0
6 silly lifecycle myreactapp@1.0.0~preserver: no script for preserver, continuing
7 info lifecycle myreactapp@1.0.0~server: myreactapp@1.0.0
8 verbose lifecycle myreactapp@1.0.0~server: unsafe-perm in lifecycle true
9 verbose lifecycle myreactapp@1.0.0~server: PATH: /usr/local/lib/node_modules/npm/bin/node-gyp-bin:/Users/adityamatukumalli/Desktop/autocomplete/node_modules/.bin:/usr/local/bin:/usr/bin:/bin:/usr/sbin:/sbin:/Library/Frameworks/Mono.framework/Versions/Current/Commands
10 verbose lifecycle myreactapp@1.0.0~server: CWD: /Users/adityamatukumalli/Desktop/autocomplete
11 silly lifecycle myreactapp@1.0.0~server: Args: [ '-c', 'webpack-dev-server --content-base src --inline --hot' ]
12 silly lifecycle myreactapp@1.0.0~server: Returned: code: 1  signal: null
13 info lifecycle myreactapp@1.0.0~server: Failed to exec server script
14 verbose stack Error: myreactapp@1.0.0 server: `webpack-dev-server --content-base src --inline --hot`
14 verbose stack Exit status 1
14 verbose stack     at EventEmitter.<anonymous> (/usr/local/lib/node_modules/npm/lib/utils/lifecycle.js:255:16)
14 verbose stack     at emitTwo (events.js:106:13)
14 verbose stack     at EventEmitter.emit (events.js:191:7)
14 verbose stack     at ChildProcess.<anonymous> (/usr/local/lib/node_modules/npm/lib/utils/spawn.js:40:14)
14 verbose stack     at emitTwo (events.js:106:13)
14 verbose stack     at ChildProcess.emit (events.js:191:7)
14 verbose stack     at maybeClose (internal/child_process.js:891:16)
14 verbose stack     at Process.ChildProcess._handle.onexit (internal/child_process.js:226:5)
15 verbose pkgid myreactapp@1.0.0
16 verbose cwd /Users/adityamatukumalli/Desktop/autocomplete
17 error Darwin 16.7.0
18 error argv "/usr/local/bin/node" "/usr/local/bin/npm" "run" "server"
19 error node v6.11.2
20 error npm  v3.10.10
21 error code ELIFECYCLE
22 error myreactapp@1.0.0 server: `webpack-dev-server --content-base src --inline --hot`
22 error Exit status 1
23 error Failed at the myreactapp@1.0.0 server script 'webpack-dev-server --content-base src --inline --hot'.
23 error Make sure you have the latest version of node.js and npm installed.
23 error If you do, this is most likely a problem with the myreactapp package,
23 error not with npm itself.
23 error Tell the author that this fails on your system:
23 error     webpack-dev-server --content-base src --inline --hot
23 error You can get information on how to open an issue for this project with:
23 error     npm bugs myreactapp
23 error Or if that isn't available, you can get their info via:
23 error     npm owner ls myreactapp
23 error There is likely additional logging output above.
24 verbose exit [ 1, true ]
